<?xml version="1.0" encoding="UTF-8"?>
<!-- Generated by org.testng.reporters.JUnitReportReporter -->
<testsuite hostname="LAPTOP-OPETTA0J" failures="0" tests="1" name="webproject.Screenshot.FileUpload" time="13.779" errors="0" timestamp="2024-11-16T12:44:40 IST" skipped="0">
  <testcase classname="webproject.Screenshot.FileUpload" name="fileUp" time="13.779"/>
  <system-out/>
</testsuite> <!-- webproject.Screenshot.FileUpload -->
