<?xml version="1.0" encoding="UTF-8"?>
<!-- Generated by org.testng.reporters.JUnitReportReporter -->
<testsuite hostname="LAPTOP-OPETTA0J" failures="0" tests="1" name="webproject.Screenshot.DragAnddrop" time="0.747" errors="0" timestamp="2024-11-13T12:37:35 IST" skipped="0">
  <testcase classname="webproject.Screenshot.DragAnddrop" name="gurudragDrop" time="0.747"/>
  <system-out/>
</testsuite> <!-- webproject.Screenshot.DragAnddrop -->
