<?xml version="1.0" encoding="UTF-8"?>
<!-- Generated by org.testng.reporters.JUnitReportReporter -->
<testsuite hostname="LAPTOP-OPETTA0J" failures="0" tests="1" name="webproject.Screenshot.webproject.Screenshot.WindowHandlers" time="1.403" errors="0" timestamp="2024-11-15T12:40:05 IST" skipped="0">
  <testcase classname="webproject.Screenshot.webproject.Screenshot.WindowHandlers" name="windowHandle" time="1.403"/>
  <system-out/>
</testsuite> <!-- webproject.Screenshot.webproject.Screenshot.WindowHandlers -->
