<?xml version="1.0" encoding="UTF-8"?>
<!-- Generated by org.testng.reporters.JUnitReportReporter -->
<testsuite hostname="LAPTOP-OPETTA0J" failures="0" tests="1" name="webproject.Screenshot.FileUploadAutoIT" time="7.940" errors="0" timestamp="2024-11-16T20:07:37 IST" skipped="0">
  <testcase classname="webproject.Screenshot.FileUploadAutoIT" name="fileUp" time="7.940"/>
  <system-out/>
</testsuite> <!-- webproject.Screenshot.FileUploadAutoIT -->
