<?xml version="1.0" encoding="UTF-8"?>
<!-- Generated by org.testng.reporters.JUnitReportReporter -->
<testsuite hostname="LAPTOP-OPETTA0J" failures="0" tests="1" name="webproject.Screenshot.EbayMoveElement" time="3.837" errors="0" timestamp="2024-11-14T13:47:57 IST" skipped="0">
  <testcase classname="webproject.Screenshot.EbayMoveElement" name="moveElement" time="3.837"/>
  <system-out/>
</testsuite> <!-- webproject.Screenshot.EbayMoveElement -->
