<?xml version="1.0" encoding="UTF-8"?>
<!-- Generated by org.testng.reporters.JUnitReportReporter -->
<testsuite hostname="LAPTOP-OPETTA0J" failures="0" tests="3" name="webproject.Screenshot.CrossBrowserTesting" time="24.525" errors="0" timestamp="2024-11-14T11:36:59 IST" skipped="0">
  <testcase classname="webproject.Screenshot.CrossBrowserTesting" name="crossBrowserT" time="9.777"/>
  <system-out/>
  <testcase classname="webproject.Screenshot.CrossBrowserTesting" name="crossBrowserT" time="8.538"/>
  <system-out/>
  <testcase classname="webproject.Screenshot.CrossBrowserTesting" name="crossBrowserT" time="6.210"/>
  <system-out/>
</testsuite> <!-- webproject.Screenshot.CrossBrowserTesting -->
