<?xml version="1.0" encoding="UTF-8"?>
<!-- Generated by org.testng.reporters.JUnitReportReporter -->
<testsuite hostname="LAPTOP-OPETTA0J" failures="0" tests="1" name="webproject.Screenshot.AmazonMobileSearch" time="18.707" errors="0" timestamp="2024-11-16T15:05:01 IST" skipped="0">
  <testcase classname="webproject.Screenshot.AmazonMobileSearch" name="amazonMobile" time="18.707"/>
  <system-out/>
</testsuite> <!-- webproject.Screenshot.AmazonMobileSearch -->
