<?xml version="1.0" encoding="UTF-8"?>
<!-- Generated by org.testng.reporters.JUnitReportReporter -->
<testsuite hostname="LAPTOP-OPETTA0J" failures="0" tests="1" name="webproject.Screenshot.DatePicker" time="5.225" errors="0" timestamp="2024-11-14T20:51:56 IST" skipped="0">
  <testcase classname="webproject.Screenshot.DatePicker" name="datePicktest" time="5.225"/>
  <system-out/>
</testsuite> <!-- webproject.Screenshot.DatePicker -->
