<?xml version="1.0" encoding="UTF-8"?>
<!-- Generated by org.testng.reporters.JUnitReportReporter -->
<testsuite hostname="LAPTOP-OPETTA0J" failures="0" tests="1" name="webproject.Screenshot.GurualertHandling" time="0.652" errors="0" timestamp="2024-11-13T11:39:23 IST" skipped="0">
  <testcase classname="webproject.Screenshot.GurualertHandling" name="guruAlert" time="0.652"/>
  <system-out/>
</testsuite> <!-- webproject.Screenshot.GurualertHandling -->
