<?xml version="1.0" encoding="UTF-8"?>
<!-- Generated by org.testng.reporters.JUnitReportReporter -->
<testsuite hostname="LAPTOP-OPETTA0J" failures="0" tests="1" name="webproject.Screenshot.CopypasteActions" time="0.580" errors="0" timestamp="2024-11-12T13:47:56 IST" skipped="0">
  <testcase classname="webproject.Screenshot.CopypasteActions" name="copyPaste" time="0.580"/>
  <system-out/>
</testsuite> <!-- webproject.Screenshot.CopypasteActions -->
