<?xml version="1.0" encoding="UTF-8"?>
<!-- Generated by org.testng.reporters.JUnitReportReporter -->
<testsuite hostname="LAPTOP-OPETTA0J" failures="0" tests="5" name="webproject.Screenshot.TestNGDemo" time="0.016" errors="0" timestamp="2024-11-12T12:46:08 IST" skipped="0">
  <testcase classname="webproject.Screenshot.TestNGDemo" name="test3" time="0.006"/>
  <system-out/>
  <testcase classname="webproject.Screenshot.TestNGDemo" name="test2" time="0.002"/>
  <system-out/>
  <testcase classname="webproject.Screenshot.TestNGDemo" name="test1" time="0.002"/>
  <system-out/>
  <testcase classname="webproject.Screenshot.TestNGDemo" name="test1" time="0.003"/>
  <system-out/>
  <testcase classname="webproject.Screenshot.TestNGDemo" name="test1" time="0.003"/>
  <system-out/>
</testsuite> <!-- webproject.Screenshot.TestNGDemo -->
