<?xml version="1.0" encoding="UTF-8"?>
<!-- Generated by org.testng.reporters.JUnitReportReporter -->
<testsuite hostname="LAPTOP-OPETTA0J" failures="0" tests="1" name="webproject.Screenshot.TrivagoDatePicker" time="0.476" errors="0" timestamp="2024-11-16T14:16:03 IST" skipped="0">
  <testcase classname="webproject.Screenshot.TrivagoDatePicker" name="trivagoDate" time="0.476"/>
  <system-out/>
</testsuite> <!-- webproject.Screenshot.TrivagoDatePicker -->
