<?xml version="1.0" encoding="UTF-8"?>
<!-- Generated by org.testng.reporters.JUnitReportReporter -->
<testsuite hostname="LAPTOP-OPETTA0J" failures="0" tests="1" name="pagepackage.FbloginTest" time="0.270" errors="0" timestamp="2024-11-22T23:15:53 IST" skipped="0">
  <testcase classname="pagepackage.FbloginTest" name="testLogin" time="0.270"/>
  <system-out/>
</testsuite> <!-- pagepackage.FbloginTest -->
