<?xml version="1.0" encoding="UTF-8"?>
<!-- Generated by org.testng.reporters.JUnitReportReporter -->
<testsuite hostname="LAPTOP-OPETTA0J" failures="0" tests="1" name="webproject.Screenshot.ExtentReportPg" time="4.060" errors="0" timestamp="2024-11-20T20:38:12 IST" skipped="0">
  <testcase classname="webproject.Screenshot.ExtentReportPg" name="fbLogotest" time="4.060"/>
  <system-out/>
</testsuite> <!-- webproject.Screenshot.ExtentReportPg -->
